<?xml version="1.0" encoding="utf-8"?><testsuites name="pytest tests"><testsuite name="pytest" errors="0" failures="0" skipped="0" tests="18" time="4.529" timestamp="2026-09-18T16:21:02.663265+00:00" hostname="agent-env-4d48b13e-263f-4d3b-bc67-54641f3faa4d"><testcase classname="tests.backend_test" name="test_settings" time="0.310" /><testcase classname="tests.backend_test" name="test_news_list" time="0.046" /><testcase classname="tests.backend_test" name="test_news_by_id" time="0.215" /><testcase classname="tests.backend_test" name="test_news_404" time="0.039" /><testcase classname="tests.backend_test" name="test_programs" time="0.046" /><testcase classname="tests.backend_test" name="test_teachers" time="0.043" /><testcase classname="tests.backend_test" name="test_events" time="0.042" /><testcase classname="tests.backend_test" name="test_gallery" time="0.049" /><testcase classname="tests.backend_test" name="test_gallery_filter" time="0.046" /><testcase classname="tests.backend_test" name="test_ppdb_submit" time="0.051" /><testcase classname="tests.backend_test" name="test_admin_requires_auth" time="0.877" /><testcase classname="tests.backend_test" name="test_login_success" time="0.271" /><testcase classname="tests.backend_test" name="test_login_fail" time="0.358" /><testcase classname="tests.backend_test" name="test_me" time="0.092" /><testcase classname="tests.backend_test" name="test_admin_stats" time="0.084" /><testcase classname="tests.backend_test" name="test_news_crud" time="0.520" /><testcase classname="tests.backend_test" name="test_settings_update" time="0.503" /><testcase classname="tests.backend_test" name="test_ppdb_status_update" time="0.394" /></testsuite></testsuites>